2025-06-07 03:07:37,484 - __main__ - INFO - 启动 收入证据管理程序
2025-06-07 03:08:18,253 - __main__ - INFO - 启动 收入证据管理程序
2025-06-07 03:08:19,150 - src.models.database - INFO - 数据库文件不存在，创建新数据库
2025-06-07 03:08:20,161 - src.gui.main_window - INFO - 加载了 0 条记录
2025-06-07 03:08:20,161 - src.gui.main_window - INFO - 主窗口初始化完成
2025-06-07 03:08:20,161 - src.gui.main_window - INFO - 启动主界面
2025-06-07 03:08:55,530 - src.data.excel_handler - INFO - 成功读取Excel文件: C:\Users\wkenn\Nutstore\2\00-坚果云共享\KENNY的工作文件\收入检查\【TO 审计】2024财报销售-0224.xlsx, 共474行数据
2025-06-07 03:08:55,553 - src.data.excel_handler - ERROR - 转换数据失败: 以下行处理失败:
第2行: 合同号为空
第3行: 合同号为空
第4行: 合同号为空
第5行: 合同号为空
第6行: 合同号为空
第7行: 合同号为空
第8行: 合同号为空
第9行: 合同号为空
第10行: 合同号为空
第11行: 合同号为空
第12行: 合同号为空
第13行: 合同号为空
第14行: 合同号为空
第15行: 合同号为空
第16行: 合同号为空
第17行: 合同号为空
第18行: 合同号为空
第19行: 合同号为空
第20行: 合同号为空
第21行: 合同号为空
第22行: 合同号为空
第23行: 合同号为空
第24行: 合同号为空
第25行: 合同号为空
第26行: 合同号为空
第27行: 合同号为空
第28行: 合同号为空
第29行: 合同号为空
第30行: 合同号为空
第31行: 合同号为空
第32行: 合同号为空
第33行: 合同号为空
第34行: 合同号为空
第35行: 合同号为空
第36行: 合同号为空
第37行: 合同号为空
第38行: 合同号为空
第39行: 合同号为空
第40行: 合同号为空
第41行: 合同号为空
第42行: 合同号为空
第43行: 合同号为空
第44行: 合同号为空
第45行: 合同号为空
第46行: 合同号为空
第47行: 合同号为空
第48行: 合同号为空
第49行: 合同号为空
第50行: 合同号为空
第51行: 合同号为空
第52行: 合同号为空
第53行: 合同号为空
第54行: 合同号为空
第55行: 合同号为空
第56行: 合同号为空
第57行: 合同号为空
第58行: 合同号为空
第59行: 合同号为空
第60行: 合同号为空
第61行: 合同号为空
第62行: 合同号为空
第63行: 合同号为空
第64行: 合同号为空
第65行: 合同号为空
第66行: 合同号为空
第67行: 合同号为空
第68行: 合同号为空
第69行: 合同号为空
第70行: 合同号为空
第71行: 合同号为空
第72行: 合同号为空
第73行: 合同号为空
第74行: 合同号为空
第75行: 合同号为空
第76行: 合同号为空
第77行: 合同号为空
第78行: 合同号为空
第79行: 合同号为空
第80行: 合同号为空
第81行: 合同号为空
第82行: 合同号为空
第83行: 合同号为空
第84行: 合同号为空
第85行: 合同号为空
第86行: 合同号为空
第87行: 合同号为空
第88行: 合同号为空
第89行: 合同号为空
第90行: 合同号为空
第91行: 合同号为空
第92行: 合同号为空
第93行: 合同号为空
第94行: 合同号为空
第95行: 合同号为空
第96行: 合同号为空
第97行: 合同号为空
第98行: 合同号为空
第99行: 合同号为空
第100行: 合同号为空
第101行: 合同号为空
第102行: 合同号为空
第103行: 合同号为空
第104行: 合同号为空
第105行: 合同号为空
第106行: 合同号为空
第107行: 合同号为空
第108行: 合同号为空
第109行: 合同号为空
第110行: 合同号为空
第111行: 合同号为空
第112行: 合同号为空
第113行: 合同号为空
第114行: 合同号为空
第115行: 合同号为空
第116行: 合同号为空
第117行: 合同号为空
第118行: 合同号为空
第119行: 合同号为空
第120行: 合同号为空
第121行: 合同号为空
第122行: 合同号为空
第123行: 合同号为空
第124行: 合同号为空
第125行: 合同号为空
第126行: 合同号为空
第127行: 合同号为空
第128行: 合同号为空
第129行: 合同号为空
第130行: 合同号为空
第131行: 合同号为空
第132行: 合同号为空
第133行: 合同号为空
第134行: 合同号为空
第135行: 合同号为空
第136行: 合同号为空
第137行: 合同号为空
第138行: 合同号为空
第139行: 合同号为空
第140行: 合同号为空
第141行: 合同号为空
第142行: 合同号为空
第143行: 合同号为空
第144行: 合同号为空
第145行: 合同号为空
第146行: 合同号为空
第147行: 合同号为空
第148行: 合同号为空
第149行: 合同号为空
第150行: 合同号为空
第151行: 合同号为空
第152行: 合同号为空
第153行: 合同号为空
第154行: 合同号为空
第155行: 合同号为空
第156行: 合同号为空
第157行: 合同号为空
第158行: 合同号为空
第159行: 合同号为空
第160行: 合同号为空
第161行: 合同号为空
第162行: 合同号为空
第163行: 合同号为空
第164行: 合同号为空
第165行: 合同号为空
第166行: 合同号为空
第167行: 合同号为空
第168行: 合同号为空
第169行: 合同号为空
第170行: 合同号为空
第171行: 合同号为空
第172行: 合同号为空
第173行: 合同号为空
第174行: 合同号为空
第175行: 合同号为空
第176行: 合同号为空
第177行: 合同号为空
第178行: 合同号为空
第179行: 合同号为空
第180行: 合同号为空
第181行: 合同号为空
第182行: 合同号为空
第183行: 合同号为空
第184行: 合同号为空
第185行: 合同号为空
第186行: 合同号为空
第187行: 合同号为空
第188行: 合同号为空
第189行: 合同号为空
第190行: 合同号为空
第191行: 合同号为空
第192行: 合同号为空
第193行: 合同号为空
第194行: 合同号为空
第195行: 合同号为空
第196行: 合同号为空
第197行: 合同号为空
第198行: 合同号为空
第199行: 合同号为空
第200行: 合同号为空
第201行: 合同号为空
第202行: 合同号为空
第203行: 合同号为空
第204行: 合同号为空
第205行: 合同号为空
第206行: 合同号为空
第207行: 合同号为空
第208行: 合同号为空
第209行: 合同号为空
第210行: 合同号为空
第211行: 合同号为空
第212行: 合同号为空
第213行: 合同号为空
第214行: 合同号为空
第215行: 合同号为空
第216行: 合同号为空
第217行: 合同号为空
第218行: 合同号为空
第219行: 合同号为空
第220行: 合同号为空
第221行: 合同号为空
第222行: 合同号为空
第223行: 合同号为空
第224行: 合同号为空
第225行: 合同号为空
第226行: 合同号为空
第227行: 合同号为空
第228行: 合同号为空
第229行: 合同号为空
第230行: 合同号为空
第231行: 合同号为空
第232行: 合同号为空
第233行: 合同号为空
第234行: 合同号为空
第235行: 合同号为空
第236行: 合同号为空
第237行: 合同号为空
第238行: 合同号为空
第239行: 合同号为空
第240行: 合同号为空
第241行: 合同号为空
第242行: 合同号为空
第243行: 合同号为空
第244行: 合同号为空
第245行: 合同号为空
第246行: 合同号为空
第247行: 合同号为空
第248行: 合同号为空
第249行: 合同号为空
第250行: 合同号为空
第251行: 合同号为空
第252行: 合同号为空
第253行: 合同号为空
第254行: 合同号为空
第255行: 合同号为空
第256行: 合同号为空
第257行: 合同号为空
第258行: 合同号为空
第259行: 合同号为空
第260行: 合同号为空
第261行: 合同号为空
第262行: 合同号为空
第263行: 合同号为空
第264行: 合同号为空
第265行: 合同号为空
第266行: 合同号为空
第267行: 合同号为空
第268行: 合同号为空
第269行: 合同号为空
第270行: 合同号为空
第271行: 合同号为空
第272行: 合同号为空
第273行: 合同号为空
第274行: 合同号为空
第275行: 合同号为空
第276行: 合同号为空
第277行: 合同号为空
第278行: 合同号为空
第279行: 合同号为空
第280行: 合同号为空
第281行: 合同号为空
第282行: 合同号为空
第283行: 合同号为空
第284行: 合同号为空
第285行: 合同号为空
第286行: 合同号为空
第287行: 合同号为空
第288行: 合同号为空
第289行: 合同号为空
第290行: 合同号为空
第291行: 合同号为空
第292行: 合同号为空
第293行: 合同号为空
第294行: 合同号为空
第295行: 合同号为空
第296行: 合同号为空
第297行: 合同号为空
第298行: 合同号为空
第299行: 合同号为空
第300行: 合同号为空
第301行: 合同号为空
第302行: 合同号为空
第303行: 合同号为空
第304行: 合同号为空
第305行: 合同号为空
第306行: 合同号为空
第307行: 合同号为空
第308行: 合同号为空
第309行: 合同号为空
第310行: 合同号为空
第311行: 合同号为空
第312行: 合同号为空
第313行: 合同号为空
第314行: 合同号为空
第315行: 合同号为空
第316行: 合同号为空
第317行: 合同号为空
第318行: 合同号为空
第319行: 合同号为空
第320行: 合同号为空
第321行: 合同号为空
第322行: 合同号为空
第323行: 合同号为空
第324行: 合同号为空
第325行: 合同号为空
第326行: 合同号为空
第327行: 合同号为空
第328行: 合同号为空
第329行: 合同号为空
第330行: 合同号为空
第331行: 合同号为空
第332行: 合同号为空
第333行: 合同号为空
第334行: 合同号为空
第335行: 合同号为空
第336行: 合同号为空
第337行: 合同号为空
第338行: 合同号为空
第339行: 合同号为空
第340行: 合同号为空
第341行: 合同号为空
第342行: 合同号为空
第343行: 合同号为空
第344行: 合同号为空
第345行: 合同号为空
第346行: 合同号为空
第347行: 合同号为空
第348行: 合同号为空
第349行: 合同号为空
第350行: 合同号为空
第351行: 合同号为空
第352行: 合同号为空
第353行: 合同号为空
第354行: 合同号为空
第355行: 合同号为空
第356行: 合同号为空
第357行: 合同号为空
第358行: 合同号为空
第359行: 合同号为空
第360行: 合同号为空
第361行: 合同号为空
第362行: 合同号为空
第363行: 合同号为空
第364行: 合同号为空
第365行: 合同号为空
第366行: 合同号为空
第367行: 合同号为空
第368行: 合同号为空
第369行: 合同号为空
第370行: 合同号为空
第371行: 合同号为空
第372行: 合同号为空
第373行: 合同号为空
第374行: 合同号为空
第375行: 合同号为空
第376行: 合同号为空
第377行: 合同号为空
第378行: 合同号为空
第379行: 合同号为空
第380行: 合同号为空
第381行: 合同号为空
第382行: 合同号为空
第383行: 合同号为空
第384行: 合同号为空
第385行: 合同号为空
第386行: 合同号为空
第387行: 合同号为空
第388行: 合同号为空
第389行: 合同号为空
第390行: 合同号为空
第391行: 合同号为空
第392行: 合同号为空
第393行: 合同号为空
第394行: 合同号为空
第395行: 合同号为空
第396行: 合同号为空
第397行: 合同号为空
第398行: 合同号为空
第399行: 合同号为空
第400行: 合同号为空
第401行: 合同号为空
第402行: 合同号为空
第403行: 合同号为空
第404行: 合同号为空
第405行: 合同号为空
第406行: 合同号为空
第407行: 合同号为空
第408行: 合同号为空
第409行: 合同号为空
第410行: 合同号为空
第411行: 合同号为空
第412行: 合同号为空
第413行: 合同号为空
第414行: 合同号为空
第415行: 合同号为空
第416行: 合同号为空
第417行: 合同号为空
第418行: 合同号为空
第419行: 合同号为空
第420行: 合同号为空
第421行: 合同号为空
第422行: 合同号为空
第423行: 合同号为空
第424行: 合同号为空
第425行: 合同号为空
第426行: 合同号为空
第427行: 合同号为空
第428行: 合同号为空
第429行: 合同号为空
第430行: 合同号为空
第431行: 合同号为空
第432行: 合同号为空
第433行: 合同号为空
第434行: 合同号为空
第435行: 合同号为空
第436行: 合同号为空
第437行: 合同号为空
第438行: 合同号为空
第439行: 合同号为空
第440行: 合同号为空
第441行: 合同号为空
第442行: 合同号为空
第443行: 合同号为空
第444行: 合同号为空
第445行: 合同号为空
第446行: 合同号为空
第447行: 合同号为空
第448行: 合同号为空
第449行: 合同号为空
第450行: 合同号为空
第451行: 合同号为空
第452行: 合同号为空
第453行: 合同号为空
第454行: 合同号为空
第455行: 合同号为空
第456行: 合同号为空
第457行: 合同号为空
第458行: 合同号为空
第459行: 合同号为空
第460行: 合同号为空
第461行: 合同号为空
第462行: 合同号为空
第463行: 合同号为空
第464行: 合同号为空
第465行: 合同号为空
第466行: 合同号为空
第467行: 合同号为空
第468行: 合同号为空
第469行: 合同号为空
第470行: 合同号为空
第471行: 合同号为空
第472行: 合同号为空
第473行: 合同号为空
第474行: 合同号为空
第475行: 合同号为空
2025-06-07 03:09:03,927 - src.data.excel_handler - INFO - 成功读取Excel文件: C:\Users\wkenn\Nutstore\2\00-坚果云共享\KENNY的工作文件\收入检查\7-新致-销售合同及收入确认情况审查-2025-4-7.xlsx, 共247行数据
2025-06-07 03:09:03,936 - src.data.excel_handler - ERROR - 转换数据失败: 以下行处理失败:
第2行: 合同号为空
第3行: 合同号为空
第4行: 合同号为空
第5行: 合同号为空
第6行: 合同号为空
第7行: 合同号为空
第8行: 合同号为空
第9行: 合同号为空
第10行: 合同号为空
第11行: 合同号为空
第12行: 合同号为空
第13行: 合同号为空
第14行: 合同号为空
第15行: 合同号为空
第16行: 合同号为空
第17行: 合同号为空
第18行: 合同号为空
第19行: 合同号为空
第20行: 合同号为空
第21行: 合同号为空
第22行: 合同号为空
第23行: 合同号为空
第24行: 合同号为空
第25行: 合同号为空
第26行: 合同号为空
第27行: 合同号为空
第28行: 合同号为空
第29行: 合同号为空
第30行: 合同号为空
第31行: 合同号为空
第32行: 合同号为空
第33行: 合同号为空
第34行: 合同号为空
第35行: 合同号为空
第36行: 合同号为空
第37行: 合同号为空
第38行: 合同号为空
第39行: 合同号为空
第40行: 合同号为空
第41行: 合同号为空
第42行: 合同号为空
第43行: 合同号为空
第44行: 合同号为空
第45行: 合同号为空
第46行: 合同号为空
第47行: 合同号为空
第48行: 合同号为空
第49行: 合同号为空
第50行: 合同号为空
第51行: 合同号为空
第52行: 合同号为空
第53行: 合同号为空
第54行: 合同号为空
第55行: 合同号为空
第56行: 合同号为空
第57行: 合同号为空
第58行: 合同号为空
第59行: 合同号为空
第60行: 合同号为空
第61行: 合同号为空
第62行: 合同号为空
第63行: 合同号为空
第64行: 合同号为空
第65行: 合同号为空
第66行: 合同号为空
第67行: 合同号为空
第68行: 合同号为空
第69行: 合同号为空
第70行: 合同号为空
第71行: 合同号为空
第72行: 合同号为空
第73行: 合同号为空
第74行: 合同号为空
第75行: 合同号为空
第76行: 合同号为空
第77行: 合同号为空
第78行: 合同号为空
第79行: 合同号为空
第80行: 合同号为空
第81行: 合同号为空
第82行: 合同号为空
第83行: 合同号为空
第84行: 合同号为空
第85行: 合同号为空
第86行: 合同号为空
第87行: 合同号为空
第88行: 合同号为空
第89行: 合同号为空
第90行: 合同号为空
第91行: 合同号为空
第92行: 合同号为空
第93行: 合同号为空
第94行: 合同号为空
第95行: 合同号为空
第96行: 合同号为空
第97行: 合同号为空
第98行: 合同号为空
第99行: 合同号为空
第100行: 合同号为空
第101行: 合同号为空
第102行: 合同号为空
第103行: 合同号为空
第104行: 合同号为空
第105行: 合同号为空
第106行: 合同号为空
第107行: 合同号为空
第108行: 合同号为空
第109行: 合同号为空
第110行: 合同号为空
第111行: 合同号为空
第112行: 合同号为空
第113行: 合同号为空
第114行: 合同号为空
第115行: 合同号为空
第116行: 合同号为空
第117行: 合同号为空
第118行: 合同号为空
第119行: 合同号为空
第120行: 合同号为空
第121行: 合同号为空
第122行: 合同号为空
第123行: 合同号为空
第124行: 合同号为空
第125行: 合同号为空
第126行: 合同号为空
第127行: 合同号为空
第128行: 合同号为空
第129行: 合同号为空
第130行: 合同号为空
第131行: 合同号为空
第132行: 合同号为空
第133行: 合同号为空
第134行: 合同号为空
第135行: 合同号为空
第136行: 合同号为空
第137行: 合同号为空
第138行: 合同号为空
第139行: 合同号为空
第140行: 合同号为空
第141行: 合同号为空
第142行: 合同号为空
第143行: 合同号为空
第144行: 合同号为空
第145行: 合同号为空
第146行: 合同号为空
第147行: 合同号为空
第148行: 合同号为空
第149行: 合同号为空
第150行: 合同号为空
第151行: 合同号为空
第152行: 合同号为空
第153行: 合同号为空
第154行: 合同号为空
第155行: 合同号为空
第156行: 合同号为空
第157行: 合同号为空
第158行: 合同号为空
第159行: 合同号为空
第160行: 合同号为空
第161行: 合同号为空
第162行: 合同号为空
第163行: 合同号为空
第164行: 合同号为空
第165行: 合同号为空
第166行: 合同号为空
第167行: 合同号为空
第168行: 合同号为空
第169行: 合同号为空
第170行: 合同号为空
第171行: 合同号为空
第172行: 合同号为空
第173行: 合同号为空
第174行: 合同号为空
第175行: 合同号为空
第176行: 合同号为空
第177行: 合同号为空
第178行: 合同号为空
第179行: 合同号为空
第180行: 合同号为空
第181行: 合同号为空
第182行: 合同号为空
第183行: 合同号为空
第184行: 合同号为空
第185行: 合同号为空
第186行: 合同号为空
第187行: 合同号为空
第188行: 合同号为空
第189行: 合同号为空
第190行: 合同号为空
第191行: 合同号为空
第192行: 合同号为空
第193行: 合同号为空
第194行: 合同号为空
第195行: 合同号为空
第196行: 合同号为空
第197行: 合同号为空
第198行: 合同号为空
第199行: 合同号为空
第200行: 合同号为空
第201行: 合同号为空
第202行: 合同号为空
第203行: 合同号为空
第204行: 合同号为空
第205行: 合同号为空
第206行: 合同号为空
第207行: 合同号为空
第208行: 合同号为空
第209行: 合同号为空
第210行: 合同号为空
第211行: 合同号为空
第212行: 合同号为空
第213行: 合同号为空
第214行: 合同号为空
第215行: 合同号为空
第216行: 合同号为空
第217行: 合同号为空
第218行: 合同号为空
第219行: 合同号为空
第220行: 合同号为空
第221行: 合同号为空
第222行: 合同号为空
第223行: 合同号为空
第224行: 合同号为空
第225行: 合同号为空
第226行: 合同号为空
第227行: 合同号为空
第228行: 合同号为空
第229行: 合同号为空
第230行: 合同号为空
第231行: 合同号为空
第232行: 合同号为空
第233行: 合同号为空
第234行: 合同号为空
第235行: 合同号为空
第236行: 合同号为空
第237行: 合同号为空
第238行: 合同号为空
第239行: 合同号为空
第240行: 合同号为空
第241行: 合同号为空
第242行: 合同号为空
第243行: 合同号为空
第244行: 合同号为空
第245行: 合同号为空
第246行: 合同号为空
第247行: 合同号为空
第248行: 合同号为空
2025-06-07 03:09:22,790 - src.gui.main_window - ERROR - 显示统计信息失败: 'total_records'
2025-06-07 03:09:31,111 - src.data.excel_handler - INFO - 成功读取Excel文件: C:\Users\wkenn\Nutstore\2\00-坚果云共享\KENNY的工作文件\收入检查\新增收入检查情况.xlsx, 共546行数据
2025-06-07 03:09:31,131 - src.data.excel_handler - ERROR - 转换数据失败: 以下行处理失败:
第2行: 合同号为空
第3行: 合同号为空
第4行: 合同号为空
第5行: 合同号为空
第6行: 合同号为空
第7行: 合同号为空
第8行: 合同号为空
第9行: 合同号为空
第10行: 合同号为空
第11行: 合同号为空
第12行: 合同号为空
第13行: 合同号为空
第14行: 合同号为空
第15行: 合同号为空
第16行: 合同号为空
第17行: 合同号为空
第18行: 合同号为空
第19行: 合同号为空
第20行: 合同号为空
第21行: 合同号为空
第22行: 合同号为空
第23行: 合同号为空
第24行: 合同号为空
第25行: 合同号为空
第26行: 合同号为空
第27行: 合同号为空
第28行: 合同号为空
第29行: 合同号为空
第30行: 合同号为空
第31行: 合同号为空
第32行: 合同号为空
第33行: 合同号为空
第34行: 合同号为空
第35行: 合同号为空
第36行: 合同号为空
第37行: 合同号为空
第38行: 合同号为空
第39行: 合同号为空
第40行: 合同号为空
第41行: 合同号为空
第42行: 合同号为空
第43行: 合同号为空
第44行: 合同号为空
第45行: 合同号为空
第46行: 合同号为空
第47行: 合同号为空
第48行: 合同号为空
第49行: 合同号为空
第50行: 合同号为空
第51行: 合同号为空
第52行: 合同号为空
第53行: 合同号为空
第54行: 合同号为空
第55行: 合同号为空
第56行: 合同号为空
第57行: 合同号为空
第58行: 合同号为空
第59行: 合同号为空
第60行: 合同号为空
第61行: 合同号为空
第62行: 合同号为空
第63行: 合同号为空
第64行: 合同号为空
第65行: 合同号为空
第66行: 合同号为空
第67行: 合同号为空
第68行: 合同号为空
第69行: 合同号为空
第70行: 合同号为空
第71行: 合同号为空
第72行: 合同号为空
第73行: 合同号为空
第74行: 合同号为空
第75行: 合同号为空
第76行: 合同号为空
第77行: 合同号为空
第78行: 合同号为空
第79行: 合同号为空
第80行: 合同号为空
第81行: 合同号为空
第82行: 合同号为空
第83行: 合同号为空
第84行: 合同号为空
第85行: 合同号为空
第86行: 合同号为空
第87行: 合同号为空
第88行: 合同号为空
第89行: 合同号为空
第90行: 合同号为空
第91行: 合同号为空
第92行: 合同号为空
第93行: 合同号为空
第94行: 合同号为空
第95行: 合同号为空
第96行: 合同号为空
第97行: 合同号为空
第98行: 合同号为空
第99行: 合同号为空
第100行: 合同号为空
第101行: 合同号为空
第102行: 合同号为空
第103行: 合同号为空
第104行: 合同号为空
第105行: 合同号为空
第106行: 合同号为空
第107行: 合同号为空
第108行: 合同号为空
第109行: 合同号为空
第110行: 合同号为空
第111行: 合同号为空
第112行: 合同号为空
第113行: 合同号为空
第114行: 合同号为空
第115行: 合同号为空
第116行: 合同号为空
第117行: 合同号为空
第118行: 合同号为空
第119行: 合同号为空
第120行: 合同号为空
第121行: 合同号为空
第122行: 合同号为空
第123行: 合同号为空
第124行: 合同号为空
第125行: 合同号为空
第126行: 合同号为空
第127行: 合同号为空
第128行: 合同号为空
第129行: 合同号为空
第130行: 合同号为空
第131行: 合同号为空
第132行: 合同号为空
第133行: 合同号为空
第134行: 合同号为空
第135行: 合同号为空
第136行: 合同号为空
第137行: 合同号为空
第138行: 合同号为空
第139行: 合同号为空
第140行: 合同号为空
第141行: 合同号为空
第142行: 合同号为空
第143行: 合同号为空
第144行: 合同号为空
第145行: 合同号为空
第146行: 合同号为空
第147行: 合同号为空
第148行: 合同号为空
第149行: 合同号为空
第150行: 合同号为空
第151行: 合同号为空
第152行: 合同号为空
第153行: 合同号为空
第154行: 合同号为空
第155行: 合同号为空
第156行: 合同号为空
第157行: 合同号为空
第158行: 合同号为空
第159行: 合同号为空
第160行: 合同号为空
第161行: 合同号为空
第162行: 合同号为空
第163行: 合同号为空
第164行: 合同号为空
第165行: 合同号为空
第166行: 合同号为空
第167行: 合同号为空
第168行: 合同号为空
第169行: 合同号为空
第170行: 合同号为空
第171行: 合同号为空
第172行: 合同号为空
第173行: 合同号为空
第174行: 合同号为空
第175行: 合同号为空
第176行: 合同号为空
第177行: 合同号为空
第178行: 合同号为空
第179行: 合同号为空
第180行: 合同号为空
第181行: 合同号为空
第182行: 合同号为空
第183行: 合同号为空
第184行: 合同号为空
第185行: 合同号为空
第186行: 合同号为空
第187行: 合同号为空
第188行: 合同号为空
第189行: 合同号为空
第190行: 合同号为空
第191行: 合同号为空
第192行: 合同号为空
第193行: 合同号为空
第194行: 合同号为空
第195行: 合同号为空
第196行: 合同号为空
第197行: 合同号为空
第198行: 合同号为空
第199行: 合同号为空
第200行: 合同号为空
第201行: 合同号为空
第202行: 合同号为空
第203行: 合同号为空
第204行: 合同号为空
第205行: 合同号为空
第206行: 合同号为空
第207行: 合同号为空
第208行: 合同号为空
第209行: 合同号为空
第210行: 合同号为空
第211行: 合同号为空
第212行: 合同号为空
第213行: 合同号为空
第214行: 合同号为空
第215行: 合同号为空
第216行: 合同号为空
第217行: 合同号为空
第218行: 合同号为空
第219行: 合同号为空
第220行: 合同号为空
第221行: 合同号为空
第222行: 合同号为空
第223行: 合同号为空
第224行: 合同号为空
第225行: 合同号为空
第226行: 合同号为空
第227行: 合同号为空
第228行: 合同号为空
第229行: 合同号为空
第230行: 合同号为空
第231行: 合同号为空
第232行: 合同号为空
第233行: 合同号为空
第234行: 合同号为空
第235行: 合同号为空
第236行: 合同号为空
第237行: 合同号为空
第238行: 合同号为空
第239行: 合同号为空
第240行: 合同号为空
第241行: 合同号为空
第242行: 合同号为空
第243行: 合同号为空
第244行: 合同号为空
第245行: 合同号为空
第246行: 合同号为空
第247行: 合同号为空
第248行: 合同号为空
第249行: 合同号为空
第250行: 合同号为空
第251行: 合同号为空
第252行: 合同号为空
第253行: 合同号为空
第254行: 合同号为空
第255行: 合同号为空
第256行: 合同号为空
第257行: 合同号为空
第258行: 合同号为空
第259行: 合同号为空
第260行: 合同号为空
第261行: 合同号为空
第262行: 合同号为空
第263行: 合同号为空
第264行: 合同号为空
第265行: 合同号为空
第266行: 合同号为空
第267行: 合同号为空
第268行: 合同号为空
第269行: 合同号为空
第270行: 合同号为空
第271行: 合同号为空
第272行: 合同号为空
第273行: 合同号为空
第274行: 合同号为空
第275行: 合同号为空
第276行: 合同号为空
第277行: 合同号为空
第278行: 合同号为空
第279行: 合同号为空
第280行: 合同号为空
第281行: 合同号为空
第282行: 合同号为空
第283行: 合同号为空
第284行: 合同号为空
第285行: 合同号为空
第286行: 合同号为空
第287行: 合同号为空
第288行: 合同号为空
第289行: 合同号为空
第290行: 合同号为空
第291行: 合同号为空
第292行: 合同号为空
第293行: 合同号为空
第294行: 合同号为空
第295行: 合同号为空
第296行: 合同号为空
第297行: 合同号为空
第298行: 合同号为空
第299行: 合同号为空
第300行: 合同号为空
第301行: 合同号为空
第302行: 合同号为空
第303行: 合同号为空
第304行: 合同号为空
第305行: 合同号为空
第306行: 合同号为空
第307行: 合同号为空
第308行: 合同号为空
第309行: 合同号为空
第310行: 合同号为空
第311行: 合同号为空
第312行: 合同号为空
第313行: 合同号为空
第314行: 合同号为空
第315行: 合同号为空
第316行: 合同号为空
第317行: 合同号为空
第318行: 合同号为空
第319行: 合同号为空
第320行: 合同号为空
第321行: 合同号为空
第322行: 合同号为空
第323行: 合同号为空
第324行: 合同号为空
第325行: 合同号为空
第326行: 合同号为空
第327行: 合同号为空
第328行: 合同号为空
第329行: 合同号为空
第330行: 合同号为空
第331行: 合同号为空
第332行: 合同号为空
第333行: 合同号为空
第334行: 合同号为空
第335行: 合同号为空
第336行: 合同号为空
第337行: 合同号为空
第338行: 合同号为空
第339行: 合同号为空
第340行: 合同号为空
第341行: 合同号为空
第342行: 合同号为空
第343行: 合同号为空
第344行: 合同号为空
第345行: 合同号为空
第346行: 合同号为空
第347行: 合同号为空
第348行: 合同号为空
第349行: 合同号为空
第350行: 合同号为空
第351行: 合同号为空
第352行: 合同号为空
第353行: 合同号为空
第354行: 合同号为空
第355行: 合同号为空
第356行: 合同号为空
第357行: 合同号为空
第358行: 合同号为空
第359行: 合同号为空
第360行: 合同号为空
第361行: 合同号为空
第362行: 合同号为空
第363行: 合同号为空
第364行: 合同号为空
第365行: 合同号为空
第366行: 合同号为空
第367行: 合同号为空
第368行: 合同号为空
第369行: 合同号为空
第370行: 合同号为空
第371行: 合同号为空
第372行: 合同号为空
第373行: 合同号为空
第374行: 合同号为空
第375行: 合同号为空
第376行: 合同号为空
第377行: 合同号为空
第378行: 合同号为空
第379行: 合同号为空
第380行: 合同号为空
第381行: 合同号为空
第382行: 合同号为空
第383行: 合同号为空
第384行: 合同号为空
第385行: 合同号为空
第386行: 合同号为空
第387行: 合同号为空
第388行: 合同号为空
第389行: 合同号为空
第390行: 合同号为空
第391行: 合同号为空
第392行: 合同号为空
第393行: 合同号为空
第394行: 合同号为空
第395行: 合同号为空
第396行: 合同号为空
第397行: 合同号为空
第398行: 合同号为空
第399行: 合同号为空
第400行: 合同号为空
第401行: 合同号为空
第402行: 合同号为空
第403行: 合同号为空
第404行: 合同号为空
第405行: 合同号为空
第406行: 合同号为空
第407行: 合同号为空
第408行: 合同号为空
第409行: 合同号为空
第410行: 合同号为空
第411行: 合同号为空
第412行: 合同号为空
第413行: 合同号为空
第414行: 合同号为空
第415行: 合同号为空
第416行: 合同号为空
第417行: 合同号为空
第418行: 合同号为空
第419行: 合同号为空
第420行: 合同号为空
第421行: 合同号为空
第422行: 合同号为空
第423行: 合同号为空
第424行: 合同号为空
第425行: 合同号为空
第426行: 合同号为空
第427行: 合同号为空
第428行: 合同号为空
第429行: 合同号为空
第430行: 合同号为空
第431行: 合同号为空
第432行: 合同号为空
第433行: 合同号为空
第434行: 合同号为空
第435行: 合同号为空
第436行: 合同号为空
第437行: 合同号为空
第438行: 合同号为空
第439行: 合同号为空
第440行: 合同号为空
第441行: 合同号为空
第442行: 合同号为空
第443行: 合同号为空
第444行: 合同号为空
第445行: 合同号为空
第446行: 合同号为空
第447行: 合同号为空
第448行: 合同号为空
第449行: 合同号为空
第450行: 合同号为空
第451行: 合同号为空
第452行: 合同号为空
第453行: 合同号为空
第454行: 合同号为空
第455行: 合同号为空
第456行: 合同号为空
第457行: 合同号为空
第458行: 合同号为空
第459行: 合同号为空
第460行: 合同号为空
第461行: 合同号为空
第462行: 合同号为空
第463行: 合同号为空
第464行: 合同号为空
第465行: 合同号为空
第466行: 合同号为空
第467行: 合同号为空
第468行: 合同号为空
第469行: 合同号为空
第470行: 合同号为空
第471行: 合同号为空
第472行: 合同号为空
第473行: 合同号为空
第474行: 合同号为空
第475行: 合同号为空
第476行: 合同号为空
第477行: 合同号为空
第478行: 合同号为空
第479行: 合同号为空
第480行: 合同号为空
第481行: 合同号为空
第482行: 合同号为空
第483行: 合同号为空
第484行: 合同号为空
第485行: 合同号为空
第486行: 合同号为空
第487行: 合同号为空
第488行: 合同号为空
第489行: 合同号为空
第490行: 合同号为空
第491行: 合同号为空
第492行: 合同号为空
第493行: 合同号为空
第494行: 合同号为空
第495行: 合同号为空
第496行: 合同号为空
第497行: 合同号为空
第498行: 合同号为空
第499行: 合同号为空
第500行: 合同号为空
第501行: 合同号为空
第502行: 合同号为空
第503行: 合同号为空
第504行: 合同号为空
第505行: 合同号为空
第506行: 合同号为空
第507行: 合同号为空
第508行: 合同号为空
第509行: 合同号为空
第510行: 合同号为空
第511行: 合同号为空
第512行: 合同号为空
第513行: 合同号为空
第514行: 合同号为空
第515行: 合同号为空
第516行: 合同号为空
第517行: 合同号为空
第518行: 合同号为空
第519行: 合同号为空
第520行: 合同号为空
第521行: 合同号为空
第522行: 合同号为空
第523行: 合同号为空
第524行: 合同号为空
第525行: 合同号为空
第526行: 合同号为空
第527行: 合同号为空
第528行: 合同号为空
第529行: 合同号为空
第530行: 合同号为空
第531行: 合同号为空
第532行: 合同号为空
第533行: 合同号为空
第534行: 合同号为空
第535行: 合同号为空
第536行: 合同号为空
第537行: 合同号为空
第538行: 合同号为空
第539行: 合同号为空
第540行: 合同号为空
第541行: 合同号为空
第542行: 合同号为空
第543行: 合同号为空
第544行: 合同号为空
第545行: 合同号为空
第546行: 合同号为空
第547行: 合同号为空
2025-06-07 03:13:05,839 - __main__ - INFO - 启动 收入证据管理程序
2025-06-07 03:13:06,533 - src.models.database - INFO - 数据库文件不存在，创建新数据库
2025-06-07 03:13:06,831 - src.gui.main_window - INFO - 加载了 0 条记录
2025-06-07 03:13:06,832 - src.gui.main_window - INFO - 主窗口初始化完成
2025-06-07 03:13:06,832 - src.gui.main_window - INFO - 启动主界面
2025-06-07 03:13:13,077 - src.data.excel_handler - INFO - 成功读取Excel文件: C:\Users\wkenn\Nutstore\2\00-坚果云共享\KENNY的工作文件\收入检查\7-新致-销售合同及收入确认情况审查-2025-4-7.xlsx, 共247行数据
2025-06-07 03:13:13,090 - src.data.excel_handler - ERROR - 转换数据失败: 转换失败: 共 247 行处理失败
前10个错误:
第2行: 合同号为空
第3行: 合同号为空
第4行: 合同号为空
第5行: 合同号为空
第6行: 合同号为空
第7行: 合同号为空
第8行: 合同号为空
第9行: 合同号为空
第10行: 合同号为空
第11行: 合同号为空
2025-06-07 03:13:30,170 - src.models.database - INFO - 成功保存数据库，共0条记录
2025-06-07 03:13:30,170 - src.gui.main_window - INFO - 程序正常退出
2025-06-07 03:13:33,344 - src.models.database - INFO - 成功保存数据库，共0条记录
2025-06-07 03:13:33,344 - src.gui.main_window - INFO - 程序正常退出
2025-06-07 03:17:14,393 - __main__ - INFO - 启动 收入证据管理程序
2025-06-07 03:17:17,298 - src.models.database - INFO - 成功加载数据库，共0条记录
2025-06-07 03:17:17,982 - src.gui.main_window - INFO - 加载了 0 条记录
2025-06-07 03:17:17,983 - src.gui.main_window - INFO - 主窗口初始化完成
2025-06-07 03:17:17,983 - src.gui.main_window - INFO - 启动主界面
2025-06-07 03:17:24,295 - src.data.excel_handler - INFO - 成功读取Excel文件: C:\Users\wkenn\Nutstore\2\00-坚果云共享\KENNY的工作文件\收入检查\【TO 审计】2024财报销售-0224.xlsx, 共474行数据
2025-06-07 03:17:29,205 - src.data.excel_handler - INFO - 成功读取Excel文件: C:\Users\wkenn\Nutstore\2\00-坚果云共享\KENNY的工作文件\收入检查\【TO 审计】2024财报销售-0224.xlsx, 共3501行数据
2025-06-07 03:17:37,960 - src.data.excel_handler - INFO - 成功读取Excel文件: C:\Users\wkenn\Nutstore\2\00-坚果云共享\KENNY的工作文件\收入检查\【TO 审计】2024财报销售-0224.xlsx, 共3501行数据
2025-06-07 03:17:37,964 - src.data.excel_handler - INFO - 列名映射: {'合同编号': '合同号'}
2025-06-07 03:17:37,964 - src.data.excel_handler - ERROR - 转换数据失败: 缺少必需的列: ['客户名', '本年确认的收入']
可用的列: ['唯一记录check', '审计编号', '合同号', '合同名', '客户', '财报收入分类', '财报结算类型', 'EDS结算类型', '签约方', '事业部', '币种', '原币', '税价合计', '税率', '合同金额', '分配金额', '累计产值', '行业', '2023为止历史累计销售', '2024年\n财报收入', '累计财报销售']
2025-06-07 03:17:51,100 - src.data.excel_handler - INFO - 成功读取Excel文件: C:\Users\wkenn\Nutstore\2\00-坚果云共享\KENNY的工作文件\收入检查\【TO 审计】2024财报销售-0224.xlsx, 共474行数据
2025-06-07 03:17:53,239 - src.data.excel_handler - INFO - 成功读取Excel文件: C:\Users\wkenn\Nutstore\2\00-坚果云共享\KENNY的工作文件\收入检查\【TO 审计】2024财报销售-0224.xlsx, 共3501行数据
2025-06-07 03:17:54,625 - src.data.excel_handler - INFO - 成功读取Excel文件: C:\Users\wkenn\Nutstore\2\00-坚果云共享\KENNY的工作文件\收入检查\【TO 审计】2024财报销售-0224.xlsx, 共3501行数据
2025-06-07 03:18:52,639 - src.data.excel_handler - INFO - 成功读取Excel文件: C:\Users\wkenn\Nutstore\2\00-坚果云共享\KENNY的工作文件\收入检查\【TO 审计】2024财报销售-0224.xlsx, 共3501行数据
2025-06-07 03:18:52,640 - src.data.excel_handler - INFO - 列名映射: {'合同编号': '合同号'}
2025-06-07 03:18:52,640 - src.data.excel_handler - ERROR - 转换数据失败: 缺少必需的列: ['客户名', '本年确认的收入']
可用的列: ['唯一记录check', '审计编号', '合同号', '合同名', '客户', '财报收入分类', '财报结算类型', 'EDS结算类型', '签约方', '事业部', '币种', '原币', '税价合计', '税率', '合同金额', '分配金额', '累计产值', '行业', '2023为止历史累计销售', '2024年\n财报收入', '累计财报销售']
2025-06-07 03:23:54,092 - __main__ - INFO - 启动 收入证据管理程序
2025-06-07 03:23:54,770 - src.models.database - INFO - 成功加载数据库，共0条记录
2025-06-07 03:23:55,270 - src.gui.main_window - INFO - 加载了 0 条记录
2025-06-07 03:23:55,270 - src.gui.main_window - INFO - 主窗口初始化完成
2025-06-07 03:23:55,271 - src.gui.main_window - INFO - 启动主界面
2025-06-07 03:23:59,812 - src.data.excel_handler - INFO - 成功读取Excel文件: C:\Users\wkenn\Nutstore\2\00-坚果云共享\KENNY的工作文件\收入检查\【TO 审计】2024财报销售-0224.xlsx, 共474行数据
2025-06-07 03:24:02,794 - src.data.excel_handler - INFO - 成功读取Excel文件: C:\Users\wkenn\Nutstore\2\00-坚果云共享\KENNY的工作文件\收入检查\【TO 审计】2024财报销售-0224.xlsx, 共3501行数据
2025-06-07 03:24:34,281 - src.data.excel_handler - INFO - 成功读取Excel文件: C:\Users\wkenn\Nutstore\2\00-坚果云共享\KENNY的工作文件\收入检查\【TO 审计】2024财报销售-0224.xlsx, 共3501行数据
2025-06-07 03:24:46,515 - src.data.excel_handler - INFO - 成功读取Excel文件: C:\Users\wkenn\Nutstore\2\00-坚果云共享\KENNY的工作文件\收入检查\【TO 审计】2024财报销售-0224.xlsx, 共3501行数据
2025-06-07 03:26:15,174 - __main__ - INFO - 启动 收入证据管理程序
2025-06-07 03:26:15,995 - src.models.database - INFO - 成功加载数据库，共0条记录
2025-06-07 03:26:16,441 - src.gui.main_window - INFO - 加载了 0 条记录
2025-06-07 03:26:16,441 - src.gui.main_window - INFO - 主窗口初始化完成
2025-06-07 03:26:16,441 - src.gui.main_window - INFO - 启动主界面
2025-06-07 03:26:20,609 - src.data.excel_handler - INFO - 成功读取Excel文件: C:\Users\wkenn\Nutstore\2\00-坚果云共享\KENNY的工作文件\收入检查\【TO 审计】2024财报销售-0224.xlsx, 共474行数据
2025-06-07 03:26:28,891 - src.data.excel_handler - INFO - 成功读取Excel文件: C:\Users\wkenn\Nutstore\2\00-坚果云共享\KENNY的工作文件\收入检查\【TO 审计】2024财报销售-0224.xlsx, 共3501行数据
2025-06-07 03:26:45,341 - src.data.excel_handler - INFO - 成功读取Excel文件: C:\Users\wkenn\Nutstore\2\00-坚果云共享\KENNY的工作文件\收入检查\【TO 审计】2024财报销售-0224.xlsx, 共3501行数据
2025-06-07 03:28:46,061 - __main__ - INFO - 启动 收入证据管理程序
2025-06-07 03:28:46,784 - src.models.database - INFO - 成功加载数据库，共0条记录
2025-06-07 03:28:47,212 - src.gui.main_window - INFO - 加载了 0 条记录
2025-06-07 03:28:47,212 - src.gui.main_window - INFO - 主窗口初始化完成
2025-06-07 03:28:47,212 - src.gui.main_window - INFO - 启动主界面
2025-06-07 03:28:53,599 - src.data.excel_handler - INFO - 成功读取Excel文件: C:\Users\wkenn\Nutstore\2\00-坚果云共享\KENNY的工作文件\收入检查\【TO 审计】2024财报销售-0224.xlsx, 共474行数据
2025-06-07 03:28:58,652 - src.data.excel_handler - INFO - 成功读取Excel文件: C:\Users\wkenn\Nutstore\2\00-坚果云共享\KENNY的工作文件\收入检查\【TO 审计】2024财报销售-0224.xlsx, 共3501行数据
2025-06-07 03:29:03,390 - src.data.excel_handler - INFO - 成功读取Excel文件: C:\Users\wkenn\Nutstore\2\00-坚果云共享\KENNY的工作文件\收入检查\【TO 审计】2024财报销售-0224.xlsx, 共3501行数据
2025-06-07 03:29:03,390 - src.data.excel_handler - INFO - 使用用户指定的列映射: {'合同编号': '合同号', '客户': '客户名', '2024年\n财报收入': '本年确认的收入'}
2025-06-07 03:29:03,482 - src.data.excel_handler - INFO - 成功转换3501条记录
2025-06-07 03:29:03,495 - src.models.database - INFO - 成功保存数据库，共3501条记录
2025-06-07 03:29:03,496 - src.models.database - INFO - 导入Excel数据成功，共3501条记录
2025-06-07 03:31:48,363 - src.gui.main_window - INFO - 加载了 3501 条记录
2025-06-07 10:50:37,474 - src.models.database - INFO - 成功保存数据库，共0条记录
2025-06-07 10:50:37,474 - src.gui.main_window - INFO - 程序正常退出
2025-06-07 10:55:11,456 - __main__ - INFO - 启动 收入证据管理程序
2025-06-07 10:55:13,861 - src.models.database - INFO - 成功加载数据库，共0条记录
2025-06-07 10:55:14,840 - src.gui.main_window - INFO - 加载了 0 条记录
2025-06-07 10:55:14,840 - src.gui.main_window - INFO - 主窗口初始化完成
2025-06-07 10:55:14,840 - src.gui.main_window - INFO - 启动主界面
2025-06-07 10:55:20,031 - src.data.excel_handler - INFO - 成功读取Excel文件: C:\Users\wkenn\Nutstore\2\00-坚果云共享\KENNY的工作文件\收入检查\【TO 审计】2024财报销售-0224.xlsx, 共474行数据
2025-06-07 10:55:23,560 - src.data.excel_handler - INFO - 成功读取Excel文件: C:\Users\wkenn\Nutstore\2\00-坚果云共享\KENNY的工作文件\收入检查\【TO 审计】2024财报销售-0224.xlsx, 共3501行数据
2025-06-07 10:55:30,164 - src.data.excel_handler - INFO - 成功读取Excel文件: C:\Users\wkenn\Nutstore\2\00-坚果云共享\KENNY的工作文件\收入检查\【TO 审计】2024财报销售-0224.xlsx, 共3501行数据
2025-06-07 10:55:30,165 - src.data.excel_handler - INFO - 使用用户指定的列映射: {'合同编号': '合同号', '客户': '客户名', '2024年\n财报收入': '本年确认的收入'}
2025-06-07 10:55:30,257 - src.data.excel_handler - INFO - 成功转换3501条记录
2025-06-07 10:55:30,266 - src.models.database - INFO - 开始导入Excel数据，共3501条记录
2025-06-07 10:55:30,267 - src.models.database - INFO - 开始批量更新数据...
2025-06-07 10:55:30,267 - src.models.database - INFO - 已更新 1000/3501 条记录到内存
2025-06-07 10:55:30,267 - src.models.database - INFO - 已更新 2000/3501 条记录到内存
2025-06-07 10:55:30,268 - src.models.database - INFO - 已更新 3000/3501 条记录到内存
2025-06-07 10:55:30,268 - src.models.database - INFO - 开始保存数据到文件...
2025-06-07 10:55:30,278 - src.models.database - INFO - 成功保存数据库，共3501条记录
2025-06-07 10:55:30,279 - src.models.database - INFO - 导入Excel数据成功，共3501条记录
2025-06-07 10:55:40,263 - src.gui.main_window - INFO - 加载了 3501 条记录
2025-06-07 10:57:17,744 - src.data.excel_handler - INFO - 成功读取Excel文件: C:\Users\wkenn\Nutstore\2\00-坚果云共享\KENNY的工作文件\收入检查\【TO 审计】2024财报销售-0224.xlsx, 共474行数据
2025-06-07 10:57:22,237 - src.data.excel_handler - INFO - 成功读取Excel文件: C:\Users\wkenn\Nutstore\2\00-坚果云共享\KENNY的工作文件\收入检查\【TO 审计】2024财报销售-0224.xlsx, 共3501行数据
2025-06-07 10:57:31,155 - src.models.database - INFO - 成功保存数据库，共3501条记录
2025-06-07 10:57:31,156 - src.gui.main_window - INFO - 程序正常退出
2025-06-07 13:09:51,976 - __main__ - INFO - 启动 收入证据管理程序
2025-06-07 13:09:54,445 - src.models.database - INFO - 成功加载数据库，共3501条记录
2025-06-07 13:09:54,446 - src.data.file_manager - INFO - 文件管理器初始化，存储路径: data\attachments
2025-06-07 13:09:57,832 - src.gui.main_window - INFO - 加载了 3501 条记录
2025-06-07 13:09:57,832 - src.gui.main_window - INFO - 主窗口初始化完成
2025-06-07 13:09:57,833 - src.gui.main_window - INFO - 启动主界面
2025-06-07 13:10:40,772 - src.data.file_manager - INFO - 成功保存附件: 22SZ001（产值框架）\0c22f9560773695b955c.pdf
2025-06-07 13:10:40,773 - src.gui.attachment_dialog - INFO - 成功添加附件: D:/系统文件夹/桌面/0c22f9560773695b955c.pdf
2025-06-07 13:10:46,973 - src.models.database - INFO - 成功保存数据库，共3501条记录
2025-06-07 13:10:46,974 - src.models.database - INFO - 更新收入记录: 22SZ001（产值框架）
2025-06-07 13:10:51,255 - src.gui.main_window - INFO - 加载了 3501 条记录
2025-06-07 13:11:09,221 - src.models.database - INFO - 成功保存数据库，共3501条记录
2025-06-07 13:11:09,221 - src.models.database - INFO - 更新收入记录: 22SZ001（产值框架）
2025-06-07 13:11:13,372 - src.gui.main_window - INFO - 加载了 3501 条记录
2025-06-07 13:11:32,112 - src.data.excel_handler - INFO - 成功导出3501条记录到: D:\系统文件夹\桌面\test.xlsx
2025-06-07 13:13:10,995 - src.data.excel_handler - INFO - 成功读取Excel文件: C:\Users\wkenn\Nutstore\2\00-坚果云共享\KENNY的工作文件\收入检查\7-新致-销售合同及收入确认情况审查-3-29备份.xlsx, 共203行数据
2025-06-07 13:13:19,530 - src.data.excel_handler - INFO - 成功读取Excel文件: C:\Users\wkenn\Nutstore\2\00-坚果云共享\KENNY的工作文件\收入检查\7-新致-销售合同及收入确认情况审查-3-29备份.xlsx, 共3517行数据
2025-06-07 13:13:23,064 - src.data.excel_handler - INFO - 成功读取Excel文件: C:\Users\wkenn\Nutstore\2\00-坚果云共享\KENNY的工作文件\收入检查\7-新致-销售合同及收入确认情况审查-3-29备份.xlsx, 共3517行数据
2025-06-07 13:13:28,730 - src.data.excel_handler - INFO - 成功读取Excel文件: C:\Users\wkenn\Nutstore\2\00-坚果云共享\KENNY的工作文件\收入检查\7-新致-销售合同及收入确认情况审查-3-29备份.xlsx, 共3532行数据
2025-06-07 13:14:23,244 - src.models.database - INFO - 成功保存数据库，共3501条记录
2025-06-07 13:14:23,244 - src.gui.main_window - INFO - 程序正常退出
2025-06-07 13:29:08,995 - __main__ - INFO - 启动 收入证据管理程序
2025-06-07 13:29:09,659 - src.data.project_manager - INFO - 项目配置保存成功
2025-06-07 13:29:09,659 - src.data.project_manager - INFO - 项目管理器初始化，项目根目录: projects
2025-06-07 13:29:09,668 - src.models.database - INFO - 成功加载数据库，共3501条记录
2025-06-07 13:29:09,669 - src.data.file_manager - INFO - 文件管理器初始化，存储路径: data\attachments
2025-06-07 13:29:13,185 - src.gui.main_window - INFO - 加载了 3501 条记录
2025-06-07 13:29:13,185 - src.gui.main_window - INFO - 主窗口初始化完成
2025-06-07 13:29:13,185 - src.gui.main_window - INFO - 启动主界面
2025-06-07 13:30:00,054 - src.data.project_manager - INFO - 项目配置保存成功
2025-06-07 13:30:00,054 - src.data.project_manager - INFO - 创建项目成功: 新致软件2024 (新致软件2024_20250607_133000)
2025-06-07 13:30:10,071 - src.gui.project_dialog - ERROR - 加载项目列表失败: Display column #0 cannot be set
2025-06-07 13:30:15,384 - src.data.project_manager - INFO - 项目配置保存成功
2025-06-07 13:30:15,384 - src.data.project_manager - INFO - 切换到项目: 新致软件2024 (新致软件2024_20250607_133000)
2025-06-07 13:30:16,388 - src.models.database - INFO - 成功保存数据库，共3501条记录
2025-06-07 13:30:16,388 - src.models.database - ERROR - 加载数据库失败: 'str' object has no attribute 'exists'
2025-06-07 13:30:16,388 - src.data.file_manager - INFO - 文件管理器初始化，存储路径: D:\00-工作\11
2025-06-07 13:30:17,642 - src.gui.main_window - INFO - 加载了 0 条记录
2025-06-07 13:30:17,643 - src.data.project_manager - INFO - 项目配置保存成功
2025-06-07 13:30:17,643 - src.data.project_manager - INFO - 项目配置保存成功
2025-06-07 13:30:17,643 - src.gui.main_window - INFO - 项目重新加载完成: 新致软件2024
2025-06-07 13:31:05,612 - src.data.file_manager - INFO - 存储路径已更新为: D:\00-工作\11
2025-06-07 13:31:06,087 - src.data.excel_handler - INFO - 成功读取Excel文件: C:\Users\wkenn\Nutstore\2\00-坚果云共享\KENNY的工作文件\收入检查\【TO 审计】2024财报销售-0224.xlsx, 共474行数据
2025-06-07 13:31:09,542 - src.data.excel_handler - INFO - 成功读取Excel文件: C:\Users\wkenn\Nutstore\2\00-坚果云共享\KENNY的工作文件\收入检查\【TO 审计】2024财报销售-0224.xlsx, 共3501行数据
2025-06-07 13:31:22,189 - src.data.excel_handler - INFO - 成功读取Excel文件: C:\Users\wkenn\Nutstore\2\00-坚果云共享\KENNY的工作文件\收入检查\【TO 审计】2024财报销售-0224.xlsx, 共3501行数据
2025-06-07 13:31:22,190 - src.data.excel_handler - INFO - 使用用户指定的列映射: {'合同编号': '合同号', '客户': '客户名', '2024年\n财报收入': '本年确认的收入'}
2025-06-07 13:31:22,324 - src.data.excel_handler - INFO - 成功转换3501条记录
2025-06-07 13:31:22,329 - src.models.database - INFO - 开始导入Excel数据，共3501条记录
2025-06-07 13:31:22,330 - src.models.database - INFO - 开始批量更新数据...
2025-06-07 13:31:22,330 - src.models.database - INFO - 已更新 1000/3501 条记录到内存
2025-06-07 13:31:22,331 - src.models.database - INFO - 已更新 2000/3501 条记录到内存
2025-06-07 13:31:22,331 - src.models.database - INFO - 已更新 3000/3501 条记录到内存
2025-06-07 13:31:22,331 - src.models.database - INFO - 开始保存数据到文件...
2025-06-07 13:31:22,331 - src.models.database - ERROR - 保存数据库失败: 'str' object has no attribute 'parent'
2025-06-07 13:31:22,331 - src.models.database - ERROR - 保存数据到文件失败
2025-06-07 13:31:37,708 - src.models.database - ERROR - 保存数据库失败: 'str' object has no attribute 'parent'
2025-06-07 13:31:37,708 - src.data.project_manager - INFO - 项目配置保存成功
2025-06-07 13:31:37,709 - src.gui.main_window - INFO - 程序正常退出
2025-06-07 13:32:37,360 - __main__ - INFO - 启动 收入证据管理程序
2025-06-07 13:32:38,050 - src.data.project_manager - INFO - 加载项目配置: 1 个项目
2025-06-07 13:32:38,050 - src.data.project_manager - INFO - 项目管理器初始化，项目根目录: projects
2025-06-07 13:32:38,060 - src.models.database - INFO - 成功加载数据库，共3501条记录
2025-06-07 13:32:38,060 - src.data.file_manager - INFO - 文件管理器初始化，存储路径: data\attachments
2025-06-07 13:32:38,061 - src.models.database - INFO - 数据库文件不存在，创建新数据库
2025-06-07 13:32:38,061 - src.data.file_manager - INFO - 文件管理器初始化，存储路径: D:\00-工作\11
2025-06-07 13:32:38,634 - src.gui.main_window - INFO - 加载了 0 条记录
2025-06-07 13:32:38,635 - src.data.project_manager - INFO - 项目配置保存成功
2025-06-07 13:32:38,635 - src.gui.main_window - INFO - 主窗口初始化完成
2025-06-07 13:32:38,635 - src.gui.main_window - INFO - 启动主界面
2025-06-07 13:32:57,784 - src.data.file_manager - INFO - 存储路径已更新为: D:\00-工作\11
2025-06-07 13:32:58,340 - src.data.excel_handler - INFO - 成功读取Excel文件: C:\Users\wkenn\Nutstore\2\00-坚果云共享\KENNY的工作文件\收入检查\【TO 审计】2024财报销售-0224.xlsx, 共474行数据
2025-06-07 13:33:04,643 - src.data.excel_handler - INFO - 成功读取Excel文件: C:\Users\wkenn\Nutstore\2\00-坚果云共享\KENNY的工作文件\收入检查\【TO 审计】2024财报销售-0224.xlsx, 共3501行数据
2025-06-07 13:33:17,822 - src.data.excel_handler - INFO - 成功读取Excel文件: C:\Users\wkenn\Nutstore\2\00-坚果云共享\KENNY的工作文件\收入检查\【TO 审计】2024财报销售-0224.xlsx, 共3501行数据
2025-06-07 13:33:17,823 - src.data.excel_handler - INFO - 使用用户指定的列映射: {'合同编号': '合同号', '客户': '客户名', '2024年\n财报收入': '本年确认的收入'}
2025-06-07 13:33:17,957 - src.data.excel_handler - INFO - 成功转换3501条记录
2025-06-07 13:33:17,963 - src.models.database - INFO - 开始导入Excel数据，共3501条记录
2025-06-07 13:33:17,963 - src.models.database - INFO - 开始批量更新数据...
2025-06-07 13:33:17,964 - src.models.database - INFO - 已更新 1000/3501 条记录到内存
2025-06-07 13:33:17,964 - src.models.database - INFO - 已更新 2000/3501 条记录到内存
2025-06-07 13:33:17,964 - src.models.database - INFO - 已更新 3000/3501 条记录到内存
2025-06-07 13:33:17,965 - src.models.database - INFO - 开始保存数据到文件...
2025-06-07 13:33:17,977 - src.models.database - INFO - 成功保存数据库，共3501条记录
2025-06-07 13:33:17,977 - src.models.database - INFO - 导入Excel数据成功，共3501条记录
2025-06-07 13:33:23,968 - src.gui.main_window - INFO - 加载了 3501 条记录
2025-06-07 13:33:23,969 - src.data.project_manager - INFO - 项目配置保存成功
2025-06-07 13:34:20,772 - src.models.database - INFO - 成功保存数据库，共3501条记录
2025-06-07 13:34:20,773 - src.data.project_manager - INFO - 项目配置保存成功
2025-06-07 13:34:20,773 - src.gui.main_window - INFO - 程序正常退出
2025-06-07 13:34:35,333 - __main__ - INFO - 启动 收入证据管理程序
2025-06-07 13:34:35,996 - src.data.project_manager - INFO - 加载项目配置: 1 个项目
2025-06-07 13:34:35,996 - src.data.project_manager - INFO - 项目管理器初始化，项目根目录: projects
2025-06-07 13:34:36,006 - src.models.database - INFO - 成功加载数据库，共3501条记录
2025-06-07 13:34:36,006 - src.data.file_manager - INFO - 文件管理器初始化，存储路径: data\attachments
2025-06-07 13:34:36,024 - src.models.database - INFO - 成功加载数据库，共3501条记录
2025-06-07 13:34:36,025 - src.data.file_manager - INFO - 文件管理器初始化，存储路径: D:\00-工作\11
2025-06-07 13:34:39,007 - src.gui.main_window - INFO - 加载了 3501 条记录
2025-06-07 13:34:39,008 - src.data.project_manager - INFO - 项目配置保存成功
2025-06-07 13:34:39,008 - src.gui.main_window - INFO - 主窗口初始化完成
2025-06-07 13:34:39,008 - src.gui.main_window - INFO - 启动主界面
2025-06-07 13:34:44,274 - src.gui.project_dialog - ERROR - 加载项目列表失败: Display column #0 cannot be set
2025-06-07 13:36:42,726 - src.gui.project_dialog - ERROR - 加载项目列表失败: Display column #0 cannot be set
2025-06-07 13:36:53,871 - src.models.database - INFO - 成功保存数据库，共3501条记录
2025-06-07 13:36:53,872 - src.data.project_manager - INFO - 项目配置保存成功
2025-06-07 13:36:53,872 - src.gui.main_window - INFO - 程序正常退出
2025-06-07 13:37:57,664 - __main__ - INFO - 启动 收入证据管理程序
2025-06-07 13:37:58,299 - src.data.project_manager - INFO - 加载项目配置: 1 个项目
2025-06-07 13:37:58,299 - src.data.project_manager - INFO - 项目管理器初始化，项目根目录: projects
2025-06-07 13:37:58,309 - src.models.database - INFO - 成功加载数据库，共3501条记录
2025-06-07 13:37:58,309 - src.data.file_manager - INFO - 文件管理器初始化，存储路径: data\attachments
2025-06-07 13:37:58,326 - src.models.database - INFO - 成功加载数据库，共3501条记录
2025-06-07 13:37:58,327 - src.data.file_manager - INFO - 文件管理器初始化，存储路径: D:\00-工作\11
2025-06-07 13:38:01,212 - src.gui.main_window - INFO - 加载了 3501 条记录
2025-06-07 13:38:01,213 - src.data.project_manager - INFO - 项目配置保存成功
2025-06-07 13:38:01,213 - src.gui.main_window - INFO - 主窗口初始化完成
2025-06-07 13:38:01,213 - src.gui.main_window - INFO - 启动主界面
2025-06-07 13:38:16,437 - src.data.project_manager - INFO - 删除项目文件: projects\新致软件2024_20250607_133000
2025-06-07 13:38:16,438 - src.data.project_manager - INFO - 项目配置保存成功
2025-06-07 13:38:16,438 - src.data.project_manager - INFO - 删除项目: 新致软件2024 (新致软件2024_20250607_133000)
2025-06-07 13:38:33,805 - src.models.database - INFO - 成功保存数据库，共3501条记录
2025-06-07 13:38:33,805 - src.gui.main_window - INFO - 程序正常退出
2025-06-07 13:49:36,013 - __main__ - INFO - 启动 收入证据管理程序
2025-06-07 13:49:36,727 - src.data.project_manager - INFO - 加载项目配置: 0 个项目
2025-06-07 13:49:36,727 - src.data.project_manager - INFO - 项目管理器初始化，项目根目录: projects
2025-06-07 13:49:36,736 - src.models.database - INFO - 成功加载数据库，共3501条记录
2025-06-07 13:49:36,737 - src.data.file_manager - INFO - 文件管理器初始化，存储路径: data\attachments
2025-06-07 13:49:39,681 - src.gui.main_window - INFO - 加载了 3501 条记录
2025-06-07 13:49:39,681 - src.gui.main_window - INFO - 主窗口初始化完成
2025-06-07 13:49:39,681 - src.gui.main_window - INFO - 启动主界面
2025-06-07 13:50:25,748 - src.data.project_manager - INFO - 项目配置保存成功
2025-06-07 13:50:25,748 - src.data.project_manager - INFO - 创建项目成功: 新致2024 (新致2024_20250607_135025)
2025-06-07 13:50:30,590 - src.data.project_manager - INFO - 项目配置保存成功
2025-06-07 13:50:30,590 - src.data.project_manager - INFO - 切换到项目: 新致2024 (新致2024_20250607_135025)
2025-06-07 13:50:31,548 - src.models.database - INFO - 成功保存数据库，共3501条记录
2025-06-07 13:50:31,548 - src.models.database - INFO - 数据库文件不存在，创建新数据库
2025-06-07 13:50:31,548 - src.data.file_manager - INFO - 文件管理器初始化，存储路径: D:\00-工作\11\22SZ001（产值框架）
2025-06-07 13:50:32,811 - src.gui.main_window - INFO - 加载了 0 条记录
2025-06-07 13:50:32,812 - src.data.project_manager - INFO - 项目配置保存成功
2025-06-07 13:50:32,812 - src.data.project_manager - INFO - 项目配置保存成功
2025-06-07 13:50:32,813 - src.gui.main_window - INFO - 项目重新加载完成: 新致2024
2025-06-07 13:50:56,269 - src.data.file_manager - INFO - 存储路径已更新为: D:\00-工作\11
2025-06-07 13:50:56,783 - src.data.excel_handler - INFO - 成功读取Excel文件: C:\Users\wkenn\Nutstore\2\00-坚果云共享\KENNY的工作文件\收入检查\【TO 审计】2024财报销售-0224.xlsx, 共474行数据
2025-06-07 13:51:00,379 - src.data.excel_handler - INFO - 成功读取Excel文件: C:\Users\wkenn\Nutstore\2\00-坚果云共享\KENNY的工作文件\收入检查\【TO 审计】2024财报销售-0224.xlsx, 共3501行数据
2025-06-07 13:51:18,930 - src.data.excel_handler - INFO - 成功读取Excel文件: C:\Users\wkenn\Nutstore\2\00-坚果云共享\KENNY的工作文件\收入检查\【TO 审计】2024财报销售-0224.xlsx, 共3501行数据
2025-06-07 13:51:18,931 - src.data.excel_handler - INFO - 使用用户指定的列映射: {'合同编号': '合同号', '客户': '客户名', '2024年\n财报收入': '本年确认的收入', '签约方': '收入主体'}
2025-06-07 13:51:19,055 - src.data.excel_handler - INFO - 成功转换3501条记录
2025-06-07 13:51:19,064 - src.models.database - INFO - 开始导入Excel数据，共3501条记录
2025-06-07 13:51:19,065 - src.models.database - INFO - 开始批量更新数据...
2025-06-07 13:51:19,065 - src.models.database - INFO - 已更新 1000/3501 条记录到内存
2025-06-07 13:51:19,065 - src.models.database - INFO - 已更新 2000/3501 条记录到内存
2025-06-07 13:51:19,066 - src.models.database - INFO - 已更新 3000/3501 条记录到内存
2025-06-07 13:51:19,066 - src.models.database - INFO - 开始保存数据到文件...
2025-06-07 13:51:19,077 - src.models.database - INFO - 成功保存数据库，共3501条记录
2025-06-07 13:51:19,077 - src.models.database - INFO - 导入Excel数据成功，共3501条记录
2025-06-07 13:51:24,530 - src.gui.main_window - INFO - 加载了 3501 条记录
2025-06-07 13:51:24,531 - src.data.project_manager - INFO - 项目配置保存成功
2025-06-07 13:51:47,276 - src.gui.main_window - INFO - 筛选完成，显示 1876 条记录
2025-06-07 13:52:27,976 - src.gui.main_window - INFO - 筛选完成，显示 1876 条记录
2025-06-07 13:52:33,332 - src.gui.main_window - INFO - 筛选完成，显示 1876 条记录
2025-06-07 13:52:37,720 - src.gui.main_window - INFO - 筛选完成，显示 1876 条记录
2025-06-07 13:52:42,766 - src.gui.main_window - INFO - 筛选完成，显示 1876 条记录
2025-06-07 13:52:47,873 - src.gui.main_window - INFO - 筛选完成，显示 1876 条记录
2025-06-07 13:52:53,101 - src.gui.main_window - INFO - 筛选完成，显示 1876 条记录
2025-06-07 13:52:57,529 - src.gui.main_window - INFO - 筛选完成，显示 1876 条记录
2025-06-07 13:53:02,635 - src.gui.main_window - INFO - 筛选完成，显示 1876 条记录
2025-06-07 13:53:07,980 - src.gui.main_window - INFO - 筛选完成，显示 329 条记录
2025-06-07 13:53:12,602 - src.gui.main_window - INFO - 筛选完成，显示 329 条记录
2025-06-07 13:53:17,069 - src.gui.main_window - INFO - 筛选完成，显示 312 条记录
2025-06-07 13:53:22,229 - src.gui.main_window - INFO - 筛选完成，显示 312 条记录
2025-06-07 13:53:26,684 - src.gui.main_window - INFO - 筛选完成，显示 329 条记录
2025-06-07 13:53:32,013 - src.gui.main_window - INFO - 筛选完成，显示 329 条记录
2025-06-07 13:53:33,309 - src.gui.main_window - INFO - 筛选完成，显示 0 条记录
2025-06-07 13:53:33,439 - src.gui.main_window - INFO - 筛选完成，显示 0 条记录
2025-06-07 13:53:38,643 - src.gui.main_window - INFO - 筛选完成，显示 1876 条记录
2025-06-07 13:54:12,798 - src.models.database - INFO - 成功保存数据库，共3501条记录
2025-06-07 13:54:12,799 - src.data.project_manager - INFO - 项目配置保存成功
2025-06-07 13:54:12,799 - src.gui.main_window - INFO - 程序正常退出
2025-06-07 14:07:47,536 - __main__ - INFO - 启动 收入证据管理程序
2025-06-07 14:07:48,154 - src.data.project_manager - INFO - 加载项目配置: 1 个项目
2025-06-07 14:07:48,155 - src.data.project_manager - INFO - 项目管理器初始化，项目根目录: projects
2025-06-07 14:07:48,164 - src.models.database - INFO - 成功加载数据库，共3501条记录
2025-06-07 14:07:48,164 - src.data.file_manager - INFO - 文件管理器初始化，存储路径: data\attachments
2025-06-07 14:07:48,173 - src.models.database - INFO - 成功加载数据库，共3501条记录
2025-06-07 14:07:48,174 - src.data.file_manager - INFO - 文件管理器初始化，存储路径: D:\00-工作\11\22SZ001（产值框架）
2025-06-07 14:07:48,556 - __main__ - ERROR - 程序运行出错: 'MainWindow' object has no attribute 'on_search'
Traceback (most recent call last):
  File "D:\04-工程项目\10-收入核查-bypy\main.py", line 67, in main
    app = MainWindow()
  File "D:\04-工程项目\10-收入核查-bypy\src\gui\main_window.py", line 77, in __init__
    self.create_widgets()
    ~~~~~~~~~~~~~~~~~~~^^
  File "D:\04-工程项目\10-收入核查-bypy\src\gui\main_window.py", line 106, in create_widgets
    self.create_toolbar()
    ~~~~~~~~~~~~~~~~~~~^^
  File "D:\04-工程项目\10-收入核查-bypy\src\gui\main_window.py", line 139, in create_toolbar
    self.search_entry.bind("<KeyRelease>", self.on_search)
                                           ^^^^^^^^^^^^^^
AttributeError: 'MainWindow' object has no attribute 'on_search'. Did you mean: 'column_search'?
2025-06-07 14:08:30,121 - __main__ - INFO - 启动 收入证据管理程序
2025-06-07 14:08:30,744 - src.data.project_manager - INFO - 加载项目配置: 1 个项目
2025-06-07 14:08:30,744 - src.data.project_manager - INFO - 项目管理器初始化，项目根目录: projects
2025-06-07 14:08:30,754 - src.models.database - INFO - 成功加载数据库，共3501条记录
2025-06-07 14:08:30,754 - src.data.file_manager - INFO - 文件管理器初始化，存储路径: data\attachments
2025-06-07 14:08:30,763 - src.models.database - INFO - 成功加载数据库，共3501条记录
2025-06-07 14:08:30,764 - src.data.file_manager - INFO - 文件管理器初始化，存储路径: D:\00-工作\11\22SZ001（产值框架）
2025-06-07 14:08:33,821 - src.gui.main_window - INFO - 加载了 3501 条记录
2025-06-07 14:08:33,822 - src.data.project_manager - INFO - 项目配置保存成功
2025-06-07 14:08:33,822 - src.gui.main_window - INFO - 主窗口初始化完成
2025-06-07 14:08:33,822 - src.gui.main_window - INFO - 启动主界面
2025-06-07 14:09:20,878 - src.data.project_manager - INFO - 删除项目文件: projects\新致2024_20250607_135025
2025-06-07 14:09:20,879 - src.data.project_manager - INFO - 项目配置保存成功
2025-06-07 14:09:20,879 - src.data.project_manager - INFO - 删除项目: 新致2024 (新致2024_20250607_135025)
2025-06-07 14:09:35,452 - src.gui.main_window - INFO - 筛选完成，显示 3500 条记录
2025-06-07 14:09:35,452 - src.gui.main_window - INFO - 已清除列搜索条件
2025-06-07 14:09:41,161 - src.models.database - INFO - 成功保存数据库，共3501条记录
2025-06-07 14:09:41,161 - src.gui.main_window - INFO - 程序正常退出
2025-06-07 21:36:47,732 - __main__ - INFO - 启动 收入证据管理程序
2025-06-07 21:36:49,803 - src.data.project_manager - INFO - 加载项目配置: 0 个项目
2025-06-07 21:36:49,803 - src.data.project_manager - INFO - 项目管理器初始化，项目根目录: projects
2025-06-07 21:36:49,820 - src.models.database - INFO - 成功加载数据库，共3501条记录
2025-06-07 21:36:49,820 - src.data.file_manager - INFO - 文件管理器初始化，存储路径: data\attachments
2025-06-07 21:36:52,740 - src.gui.main_window - INFO - 加载了 3501 条记录
2025-06-07 21:36:52,741 - src.gui.main_window - INFO - 主窗口初始化完成
2025-06-07 21:36:52,741 - src.gui.main_window - INFO - 启动主界面
2025-06-07 21:37:26,615 - src.models.database - INFO - 成功保存数据库，共3501条记录
2025-06-07 21:37:26,615 - src.gui.main_window - INFO - 程序正常退出
2025-06-07 21:46:32,787 - __main__ - INFO - 启动 收入证据管理程序
2025-06-07 21:46:33,527 - src.data.project_manager - INFO - 加载项目配置: 0 个项目
2025-06-07 21:46:33,527 - src.data.project_manager - INFO - 项目管理器初始化，项目根目录: projects
2025-06-07 21:46:33,965 - src.gui.project_launcher - INFO - 项目启动器初始化完成
2025-06-07 21:47:10,618 - src.data.project_manager - INFO - 项目配置保存成功
2025-06-07 21:47:10,618 - src.data.project_manager - INFO - 创建项目成功: 测试项目 (测试项目_20250607_214710)
2025-06-07 21:47:11,827 - src.gui.project_launcher - INFO - 新建项目成功: 测试项目
2025-06-07 21:47:13,558 - src.gui.project_launcher - INFO - 选择项目: 测试项目
2025-06-07 21:47:14,145 - src.data.project_manager - INFO - 项目配置保存成功
2025-06-07 21:47:14,145 - src.data.project_manager - INFO - 切换到项目: 测试项目 (测试项目_20250607_214710)
2025-06-07 21:47:14,145 - src.gui.project_launcher - INFO - 切换到项目: 测试项目
2025-06-07 21:47:14,146 - __main__ - INFO - 启动主窗口，当前项目: 测试项目_20250607_214710
2025-06-07 21:47:14,152 - src.data.project_manager - INFO - 加载项目配置: 1 个项目
2025-06-07 21:47:14,153 - src.data.project_manager - INFO - 项目管理器初始化，项目根目录: projects
2025-06-07 21:47:14,163 - src.models.database - INFO - 成功加载数据库，共3501条记录
2025-06-07 21:47:14,164 - src.data.file_manager - INFO - 文件管理器初始化，存储路径: data\attachments
2025-06-07 21:47:14,164 - src.models.database - INFO - 数据库文件不存在，创建新数据库
2025-06-07 21:47:14,165 - src.data.file_manager - INFO - 文件管理器初始化，存储路径: D:\00-工作\11\22EB129
2025-06-07 21:47:14,565 - src.gui.main_window - INFO - 加载了 0 条记录
2025-06-07 21:47:14,566 - src.data.project_manager - INFO - 项目配置保存成功
2025-06-07 21:47:14,566 - src.gui.main_window - INFO - 主窗口初始化完成
2025-06-07 21:47:14,567 - src.gui.main_window - INFO - 启动主界面
2025-06-07 21:47:43,062 - src.data.file_manager - INFO - 存储路径已更新为: D:\00-工作\11
2025-06-07 21:47:43,658 - src.data.excel_handler - INFO - 成功读取Excel文件: C:\Users\wkenn\Nutstore\2\00-坚果云共享\KENNY的工作文件\收入检查\【TO 审计】2024财报销售-0224.xlsx, 共474行数据
2025-06-07 21:47:48,115 - src.data.excel_handler - INFO - 成功读取Excel文件: C:\Users\wkenn\Nutstore\2\00-坚果云共享\KENNY的工作文件\收入检查\【TO 审计】2024财报销售-0224.xlsx, 共3501行数据
2025-06-07 21:48:08,109 - src.data.excel_handler - INFO - 成功读取Excel文件: C:\Users\wkenn\Nutstore\2\00-坚果云共享\KENNY的工作文件\收入检查\【TO 审计】2024财报销售-0224.xlsx, 共3501行数据
2025-06-07 21:48:08,110 - src.data.excel_handler - INFO - 使用用户指定的列映射: {'合同编号': '合同号', '客户': '客户名', '2024年\n财报收入': '本年确认的收入', '签约方': '收入主体'}
2025-06-07 21:48:08,240 - src.data.excel_handler - INFO - 成功转换3501条记录
2025-06-07 21:48:08,250 - src.models.database - INFO - 开始导入Excel数据，共3501条记录
2025-06-07 21:48:08,250 - src.models.database - INFO - 开始批量更新数据...
2025-06-07 21:48:08,251 - src.models.database - INFO - 已更新 1000/3501 条记录到内存
2025-06-07 21:48:08,251 - src.models.database - INFO - 已更新 2000/3501 条记录到内存
2025-06-07 21:48:08,252 - src.models.database - INFO - 已更新 3000/3501 条记录到内存
2025-06-07 21:48:08,252 - src.models.database - INFO - 开始保存数据到文件...
2025-06-07 21:48:08,266 - src.models.database - INFO - 成功保存数据库，共3501条记录
2025-06-07 21:48:08,266 - src.models.database - INFO - 导入Excel数据成功，共3501条记录
2025-06-07 21:48:13,165 - src.gui.main_window - INFO - 加载了 3501 条记录
2025-06-07 21:48:13,166 - src.data.project_manager - INFO - 项目配置保存成功
2025-06-07 21:48:15,633 - src.gui.project_launcher - INFO - 选择项目: 测试项目
2025-06-07 21:50:15,089 - __main__ - INFO - 启动 收入证据管理程序
2025-06-07 21:50:15,910 - src.data.project_manager - INFO - 加载项目配置: 1 个项目
2025-06-07 21:50:15,910 - src.data.project_manager - INFO - 项目管理器初始化，项目根目录: projects
2025-06-07 21:50:16,469 - src.gui.project_launcher - INFO - 选择项目: 测试项目
2025-06-07 21:50:16,469 - src.gui.project_launcher - INFO - 项目启动器初始化完成
2025-06-07 21:50:17,655 - src.gui.project_launcher - INFO - 选择项目: 测试项目
2025-06-07 21:50:19,437 - src.gui.project_launcher - INFO - 选择项目: 测试项目
2025-06-07 21:50:20,359 - src.data.project_manager - INFO - 项目配置保存成功
2025-06-07 21:50:20,359 - src.data.project_manager - INFO - 切换到项目: 测试项目 (测试项目_20250607_214710)
2025-06-07 21:50:20,359 - src.gui.project_launcher - INFO - 切换到项目: 测试项目
2025-06-07 21:50:20,359 - __main__ - INFO - 启动主窗口，当前项目: 测试项目_20250607_214710
2025-06-07 21:50:20,366 - src.data.project_manager - INFO - 加载项目配置: 1 个项目
2025-06-07 21:50:20,367 - src.data.project_manager - INFO - 项目管理器初始化，项目根目录: projects
2025-06-07 21:50:20,376 - src.models.database - INFO - 成功加载数据库，共3501条记录
2025-06-07 21:50:20,376 - src.data.file_manager - INFO - 文件管理器初始化，存储路径: data\attachments
2025-06-07 21:50:20,394 - src.models.database - INFO - 成功加载数据库，共3501条记录
2025-06-07 21:50:20,395 - src.data.file_manager - INFO - 文件管理器初始化，存储路径: D:\00-工作\11\22EB129
2025-06-07 21:50:23,581 - src.gui.main_window - INFO - 加载了 3501 条记录
2025-06-07 21:50:23,582 - src.data.project_manager - INFO - 项目配置保存成功
2025-06-07 21:50:23,582 - src.gui.main_window - INFO - 主窗口初始化完成
2025-06-07 21:50:23,582 - src.gui.main_window - INFO - 启动主界面
2025-06-07 21:50:51,225 - src.gui.main_window - INFO - 筛选完成，显示 1876 条记录
2025-06-07 21:51:39,155 - src.gui.main_window - INFO - 筛选完成，显示 312 条记录
2025-06-07 21:56:39,303 - __main__ - INFO - 启动 收入证据管理程序
2025-06-07 21:56:40,025 - src.data.project_manager - INFO - 加载项目配置: 1 个项目
2025-06-07 21:56:40,025 - src.data.project_manager - INFO - 项目管理器初始化，项目根目录: projects
2025-06-07 21:56:40,562 - src.gui.project_launcher - INFO - 选择项目: 测试项目
2025-06-07 21:56:40,562 - src.gui.project_launcher - INFO - 项目启动器初始化完成
2025-06-07 21:56:41,621 - src.gui.project_launcher - INFO - 选择项目: 测试项目
2025-06-07 21:56:42,464 - src.data.project_manager - INFO - 项目配置保存成功
2025-06-07 21:56:42,465 - src.data.project_manager - INFO - 切换到项目: 测试项目 (测试项目_20250607_214710)
2025-06-07 21:56:42,465 - src.gui.project_launcher - INFO - 切换到项目: 测试项目
2025-06-07 21:56:42,465 - __main__ - INFO - 启动主窗口，当前项目: 测试项目_20250607_214710
2025-06-07 21:56:42,472 - src.data.project_manager - INFO - 加载项目配置: 1 个项目
2025-06-07 21:56:42,472 - src.data.project_manager - INFO - 项目管理器初始化，项目根目录: projects
2025-06-07 21:56:42,480 - src.models.database - INFO - 成功加载数据库，共3501条记录
2025-06-07 21:56:42,481 - src.data.file_manager - INFO - 文件管理器初始化，存储路径: data\attachments
2025-06-07 21:56:42,490 - src.models.database - INFO - 成功加载数据库，共3501条记录
2025-06-07 21:56:42,491 - src.data.file_manager - INFO - 文件管理器初始化，存储路径: D:\00-工作\11\22EB129
2025-06-07 21:56:45,295 - src.gui.main_window - INFO - 加载了 3501 条记录
2025-06-07 21:56:45,296 - src.data.project_manager - INFO - 项目配置保存成功
2025-06-07 21:56:45,296 - src.gui.main_window - INFO - 主窗口初始化完成
2025-06-07 21:56:45,296 - src.gui.main_window - INFO - 启动主界面
2025-06-07 21:57:26,175 - src.models.database - INFO - 成功保存数据库，共3501条记录
2025-06-07 21:57:26,231 - src.data.project_manager - INFO - 加载项目配置: 1 个项目
2025-06-07 21:57:26,232 - src.data.project_manager - INFO - 项目管理器初始化，项目根目录: projects
2025-06-07 21:57:26,423 - src.gui.project_launcher - INFO - 选择项目: 测试项目
2025-06-07 21:57:26,424 - src.gui.project_launcher - INFO - 项目启动器初始化完成
2025-06-07 21:57:28,629 - src.models.database - INFO - 成功保存数据库，共3501条记录
2025-06-07 21:57:28,647 - src.models.database - INFO - 成功加载数据库，共3501条记录
2025-06-07 21:57:28,647 - src.data.file_manager - INFO - 文件管理器初始化，存储路径: D:\00-工作\11\22EB129
2025-06-07 21:57:31,387 - src.gui.main_window - INFO - 加载了 3501 条记录
2025-06-07 21:57:31,388 - src.data.project_manager - INFO - 项目配置保存成功
2025-06-07 21:57:31,388 - src.data.project_manager - INFO - 项目配置保存成功
2025-06-07 21:57:31,388 - src.gui.main_window - INFO - 项目重新加载完成: 测试项目
2025-06-07 21:57:31,415 - src.gui.main_window - INFO - 切换到项目: 测试项目_20250607_214710
2025-06-07 22:03:12,368 - __main__ - INFO - 启动 收入证据管理程序
2025-06-07 22:03:13,177 - src.data.project_manager - INFO - 加载项目配置: 1 个项目
2025-06-07 22:03:13,178 - src.data.project_manager - INFO - 项目管理器初始化，项目根目录: projects
2025-06-07 22:03:13,630 - src.gui.project_launcher - INFO - 选择项目: 测试项目
2025-06-07 22:03:13,630 - src.gui.project_launcher - INFO - 项目启动器初始化完成
2025-06-07 22:03:16,012 - src.data.project_manager - INFO - 项目配置保存成功
2025-06-07 22:03:16,012 - src.data.project_manager - INFO - 切换到项目: 测试项目 (测试项目_20250607_214710)
2025-06-07 22:03:16,012 - src.gui.project_launcher - INFO - 切换到项目: 测试项目
2025-06-07 22:03:16,112 - __main__ - INFO - 启动主窗口，当前项目: 测试项目_20250607_214710
2025-06-07 22:03:16,119 - src.data.project_manager - INFO - 加载项目配置: 1 个项目
2025-06-07 22:03:16,120 - src.data.project_manager - INFO - 项目管理器初始化，项目根目录: projects
2025-06-07 22:03:16,129 - src.models.database - INFO - 成功加载数据库，共3501条记录
2025-06-07 22:03:16,129 - src.data.file_manager - INFO - 文件管理器初始化，存储路径: data\attachments
2025-06-07 22:03:16,138 - src.models.database - INFO - 成功加载数据库，共3501条记录
2025-06-07 22:03:16,139 - src.data.file_manager - INFO - 文件管理器初始化，存储路径: D:\00-工作\11\22EB129
2025-06-07 22:03:18,629 - src.gui.main_window - INFO - 加载了 3501 条记录
2025-06-07 22:03:18,630 - src.data.project_manager - INFO - 项目配置保存成功
2025-06-07 22:03:18,630 - src.gui.main_window - INFO - 主窗口初始化完成
2025-06-07 22:03:18,631 - src.gui.main_window - INFO - 启动主界面
2025-06-07 22:03:53,104 - src.gui.main_window - INFO - 筛选完成，显示 1876 条记录
2025-06-07 22:04:47,211 - src.data.file_manager - INFO - 成功保存附件: 22EB129\1111111.pdf
2025-06-07 22:04:47,212 - src.gui.attachment_dialog - INFO - 成功添加附件: D:/系统文件夹/桌面/1111111.pdf
2025-06-07 22:05:15,781 - src.models.database - INFO - 成功保存数据库，共3501条记录
2025-06-07 22:05:15,782 - src.models.database - INFO - 更新收入记录: 22EB129
2025-06-07 22:05:18,655 - src.gui.main_window - INFO - 加载了 3501 条记录
2025-06-07 22:05:18,655 - src.data.project_manager - INFO - 项目配置保存成功
2025-06-07 22:05:35,172 - src.gui.main_window - INFO - 筛选完成，显示 1876 条记录
2025-06-07 22:05:44,194 - src.models.database - INFO - 成功保存数据库，共3501条记录
2025-06-07 22:05:44,245 - src.data.project_manager - INFO - 加载项目配置: 1 个项目
2025-06-07 22:05:44,245 - src.data.project_manager - INFO - 项目管理器初始化，项目根目录: projects
2025-06-07 22:05:44,441 - src.gui.project_launcher - INFO - 选择项目: 测试项目
2025-06-07 22:05:44,442 - src.gui.project_launcher - INFO - 项目启动器初始化完成
2025-06-07 22:05:47,897 - src.data.project_manager - INFO - 项目配置保存成功
2025-06-07 22:05:47,897 - src.data.project_manager - INFO - 切换到项目: 测试项目 (测试项目_20250607_214710)
2025-06-07 22:05:47,897 - src.gui.project_launcher - INFO - 切换到项目: 测试项目
2025-06-07 22:33:18,606 - __main__ - INFO - 启动 收入证据管理程序
2025-06-07 22:33:19,295 - src.data.project_manager - INFO - 加载项目配置: 1 个项目
2025-06-07 22:33:19,295 - src.data.project_manager - INFO - 项目管理器初始化，项目根目录: projects
2025-06-07 22:33:19,759 - src.gui.project_launcher - INFO - 选择项目: 测试项目
2025-06-07 22:33:19,760 - src.gui.project_launcher - INFO - 项目启动器初始化完成
2025-06-07 22:33:21,512 - src.data.project_manager - INFO - 项目配置保存成功
2025-06-07 22:33:21,512 - src.data.project_manager - INFO - 切换到项目: 测试项目 (测试项目_20250607_214710)
2025-06-07 22:33:21,512 - src.gui.project_launcher - INFO - 切换到项目: 测试项目
2025-06-07 22:33:21,634 - __main__ - INFO - 启动主窗口，当前项目: 测试项目_20250607_214710
2025-06-07 22:33:21,644 - src.data.project_manager - INFO - 加载项目配置: 1 个项目
2025-06-07 22:33:21,644 - src.data.project_manager - INFO - 项目管理器初始化，项目根目录: projects
2025-06-07 22:33:21,655 - src.models.database - INFO - 成功加载数据库，共3501条记录
2025-06-07 22:33:21,655 - src.data.file_manager - INFO - 文件管理器初始化，存储路径: data\attachments
2025-06-07 22:33:21,665 - src.models.database - INFO - 成功加载数据库，共3501条记录
2025-06-07 22:33:21,666 - src.data.file_manager - INFO - 文件管理器初始化，存储路径: D:\00-工作\11\22EB129
2025-06-07 22:33:23,568 - src.models.database - INFO - 成功保存数据库，共3501条记录
2025-06-07 22:33:23,568 - src.gui.main_window - INFO - 筛选完成，显示 3500 条记录
2025-06-07 22:33:24,925 - src.gui.main_window - INFO - 加载了 3501 条记录
2025-06-07 22:33:24,926 - src.data.project_manager - INFO - 项目配置保存成功
2025-06-07 22:33:24,926 - src.gui.main_window - INFO - 主窗口初始化完成
2025-06-07 22:33:24,926 - src.gui.main_window - INFO - 启动主界面
2025-06-07 22:33:38,976 - src.models.database - INFO - 成功保存数据库，共3501条记录
2025-06-07 22:33:38,977 - src.gui.main_window - INFO - 筛选完成，显示 1876 条记录
2025-06-07 22:33:48,364 - src.data.file_manager - INFO - 成功保存附件: 22EB129\0c22f9560773695b955c.pdf
2025-06-07 22:33:48,365 - src.gui.attachment_dialog - INFO - 成功添加附件: D:/系统文件夹/桌面/0c22f9560773695b955c.pdf
2025-06-07 22:34:09,575 - src.models.database - INFO - 成功保存数据库，共3501条记录
2025-06-07 22:34:09,575 - src.models.database - INFO - 更新收入记录: 22EB129
2025-06-07 22:34:12,191 - src.models.database - INFO - 成功保存数据库，共3501条记录
2025-06-07 22:34:12,191 - src.gui.main_window - INFO - 筛选完成，显示 1876 条记录
2025-06-07 22:38:41,013 - src.models.database - INFO - 成功保存数据库，共3501条记录
2025-06-07 22:38:41,013 - src.data.project_manager - INFO - 项目配置保存成功
2025-06-07 22:38:41,014 - src.gui.main_window - INFO - 程序正常退出
